2021-05-25 15:06:08,703 INFO o.a.j.u.JMeterUtils: Setting Locale to en_EN
2021-05-25 15:06:08,734 INFO o.a.j.JMeter: Loading user properties from: C:\Users\david\Desktop\testing\4\apache-jmeter-5.4.1\bin\user.properties
2021-05-25 15:06:08,734 INFO o.a.j.JMeter: Loading system properties from: C:\Users\david\Desktop\testing\4\apache-jmeter-5.4.1\bin\system.properties
2021-05-25 15:06:08,734 INFO o.a.j.JMeter: Copyright (c) 1998-2021 The Apache Software Foundation
2021-05-25 15:06:08,734 INFO o.a.j.JMeter: Version 5.4.1
2021-05-25 15:06:08,734 INFO o.a.j.JMeter: java.version=11.0.8
2021-05-25 15:06:08,734 INFO o.a.j.JMeter: java.vm.name=Java HotSpot(TM) 64-Bit Server VM
2021-05-25 15:06:08,734 INFO o.a.j.JMeter: os.name=Windows 10
2021-05-25 15:06:08,734 INFO o.a.j.JMeter: os.arch=amd64
2021-05-25 15:06:08,734 INFO o.a.j.JMeter: os.version=10.0
2021-05-25 15:06:08,734 INFO o.a.j.JMeter: file.encoding=Cp1252
2021-05-25 15:06:08,734 INFO o.a.j.JMeter: java.awt.headless=true
2021-05-25 15:06:08,734 INFO o.a.j.JMeter: Max memory     =1073741824
2021-05-25 15:06:08,734 INFO o.a.j.JMeter: Available Processors =4
2021-05-25 15:06:08,750 INFO o.a.j.JMeter: Default Locale=English (EN)
2021-05-25 15:06:08,750 INFO o.a.j.JMeter: JMeter  Locale=English (EN)
2021-05-25 15:06:08,750 INFO o.a.j.JMeter: JMeterHome=C:\Users\david\Desktop\testing\4\apache-jmeter-5.4.1
2021-05-25 15:06:08,750 INFO o.a.j.JMeter: user.dir  =C:\Users\david\Desktop\testing\4
2021-05-25 15:06:08,750 INFO o.a.j.JMeter: PWD       =C:\Users\david\Desktop\testing\4
2021-05-25 15:06:13,380 INFO o.a.j.JMeter: IP: 192.168.56.1 Name: DESKTOP-8GSLD4C FullName: DESKTOP-8GSLD4C
2021-05-25 15:06:13,380 INFO o.a.j.JMeter: Setting property 'jmeter.reportgenerator.outputdir' to:'C:\Users\david\Desktop\testing\4\report_1_rampup0'
2021-05-25 15:06:13,380 INFO o.a.j.r.d.ReportGenerator: ReportGenerator will use for Parsing the separator: ','
2021-05-25 15:06:13,380 INFO o.a.j.r.d.ReportGenerator: Will only generate report from results file: report_1_rampup0.csv
2021-05-25 15:06:13,380 INFO o.a.j.r.d.ReportGenerator: Reading report generator properties from: C:\Users\david\Desktop\testing\4\apache-jmeter-5.4.1\bin\reportgenerator.properties
2021-05-25 15:06:13,395 INFO o.a.j.r.d.ReportGenerator: Merging with JMeter properties
2021-05-25 15:06:13,395 INFO o.a.j.r.c.ReportGeneratorConfiguration: Property 'jmeter.reportgenerator.temp_dir' not found, using default value 'temp' instead.
2021-05-25 15:06:13,395 INFO o.a.j.r.c.ReportGeneratorConfiguration: Property 'jmeter.reportgenerator.apdex_per_transaction' not found, using default value 'null' instead.
2021-05-25 15:06:13,411 INFO o.a.j.r.c.ReportGeneratorConfiguration: apdex_per_transaction is empty, not APDEX per transaction customization
2021-05-25 15:06:13,411 INFO o.a.j.r.c.ReportGeneratorConfiguration: Property 'jmeter.reportgenerator.sample_filter' not found, using default value 'null' instead.
2021-05-25 15:06:13,411 INFO o.a.j.r.c.ReportGeneratorConfiguration: Property 'jmeter.reportgenerator.report_title' not found, using default value 'null' instead.
2021-05-25 15:06:13,411 INFO o.a.j.r.c.ReportGeneratorConfiguration: Property 'jmeter.reportgenerator.start_date' not found, using default value 'null' instead.
2021-05-25 15:06:13,411 INFO o.a.j.r.c.ReportGeneratorConfiguration: Property 'jmeter.reportgenerator.end_date' not found, using default value 'null' instead.
2021-05-25 15:06:13,411 INFO o.a.j.r.c.ReportGeneratorConfiguration: Property 'jmeter.reportgenerator.date_format' not found, using default value 'null' instead.
2021-05-25 15:06:13,411 INFO o.a.j.r.c.ReportGeneratorConfiguration: Will use date range start date: null, end date: null
2021-05-25 15:06:13,411 INFO o.a.j.r.c.ReportGeneratorConfiguration: Property 'jmeter.reportgenerator.graph.totalTPS.exclude_controllers' not found, using default value 'false' instead.
2021-05-25 15:06:13,411 INFO o.a.j.r.c.ReportGeneratorConfiguration: Property 'jmeter.reportgenerator.graph.activeThreadsOverTime.exclude_controllers' not found, using default value 'false' instead.
2021-05-25 15:06:13,411 INFO o.a.j.r.c.ReportGeneratorConfiguration: Property 'jmeter.reportgenerator.graph.timeVsThreads.exclude_controllers' not found, using default value 'false' instead.
2021-05-25 15:06:13,411 INFO o.a.j.r.c.ReportGeneratorConfiguration: Property 'jmeter.reportgenerator.graph.responseTimeDistribution.exclude_controllers' not found, using default value 'false' instead.
2021-05-25 15:06:13,411 INFO o.a.j.r.c.ReportGeneratorConfiguration: Property 'jmeter.reportgenerator.graph.transactionsPerSecond.exclude_controllers' not found, using default value 'false' instead.
2021-05-25 15:06:13,411 INFO o.a.j.r.c.ReportGeneratorConfiguration: Property 'jmeter.reportgenerator.graph.responseTimePercentiles.exclude_controllers' not found, using default value 'false' instead.
2021-05-25 15:06:13,411 INFO o.a.j.r.c.ReportGeneratorConfiguration: Property 'jmeter.reportgenerator.graph.responseTimePercentilesOverTime.exclude_controllers' not found, using default value 'false' instead.
2021-05-25 15:06:13,411 INFO o.a.j.r.c.ReportGeneratorConfiguration: Property 'jmeter.reportgenerator.graph.responseTimesOverTime.exclude_controllers' not found, using default value 'false' instead.
2021-05-25 15:06:13,411 INFO o.a.j.r.c.ReportGeneratorConfiguration: Property 'jmeter.reportgenerator.graph.connectTimeOverTime.exclude_controllers' not found, using default value 'false' instead.
2021-05-25 15:06:13,411 INFO o.a.j.r.c.ReportGeneratorConfiguration: Property 'jmeter.reportgenerator.graph.latenciesOverTime.exclude_controllers' not found, using default value 'false' instead.
2021-05-25 15:06:13,411 INFO o.a.j.r.c.ReportGeneratorConfiguration: Property 'jmeter.reportgenerator.exporter.json.filters_only_sample_series' not found, using default value 'true' instead.
2021-05-25 15:06:13,411 INFO o.a.j.r.c.ReportGeneratorConfiguration: Property 'jmeter.reportgenerator.exporter.json.series_filter' not found, using default value '' instead.
2021-05-25 15:06:13,411 INFO o.a.j.r.c.ReportGeneratorConfiguration: Property 'jmeter.reportgenerator.exporter.json.show_controllers_only' not found, using default value 'false' instead.
2021-05-25 15:06:13,411 INFO o.a.j.r.c.ReportGeneratorConfiguration: Property 'jmeter.reportgenerator.exporter.html.filters_only_sample_series' not found, using default value 'true' instead.
2021-05-25 15:06:13,411 INFO o.a.j.r.c.ReportGeneratorConfiguration: Property 'jmeter.reportgenerator.exporter.html.series_filter' not found, using default value '' instead.
2021-05-25 15:06:13,411 INFO o.a.j.r.c.ReportGeneratorConfiguration: Property 'jmeter.reportgenerator.exporter.html.show_controllers_only' not found, using default value 'false' instead.
2021-05-25 15:06:13,598 INFO o.a.j.s.SaveService: Testplan (JMX) version: 2.2. Testlog (JTL) version: 2.2
2021-05-25 15:06:13,614 INFO o.a.j.s.SaveService: Using SaveService properties version 5.0
2021-05-25 15:06:13,614 INFO o.a.j.s.SaveService: Using SaveService properties file encoding UTF-8
2021-05-25 15:06:13,645 INFO o.a.j.r.p.NormalizerSampleConsumer: Using format, 'ms', to parse timeStamp field
2021-05-25 15:06:14,489 INFO o.a.j.r.p.AbstractSampleConsumer: class org.apache.jmeter.report.processor.AggregateConsumer#stopProducing(): beginDate produced 0 samples
2021-05-25 15:06:14,489 INFO o.a.j.r.p.AbstractSampleConsumer: class org.apache.jmeter.report.processor.AggregateConsumer#stopProducing(): endDate produced 0 samples
2021-05-25 15:06:14,489 INFO o.a.j.r.p.AbstractSampleConsumer: class org.apache.jmeter.report.processor.ApdexSummaryConsumer#stopProducing(): apdexSummary produced 0 samples
2021-05-25 15:06:14,489 INFO o.a.j.r.p.AbstractSampleConsumer: class org.apache.jmeter.report.processor.RequestsSummaryConsumer#stopProducing(): requestsSummary produced 0 samples
2021-05-25 15:06:14,489 INFO o.a.j.r.p.AbstractSampleConsumer: class org.apache.jmeter.report.processor.StatisticsSummaryConsumer#stopProducing(): statisticsSummary produced 0 samples
2021-05-25 15:06:14,504 INFO o.a.j.r.p.AbstractSampleConsumer: class org.apache.jmeter.report.processor.Top5ErrorsBySamplerConsumer#stopProducing(): top5ErrorsBySampler produced 0 samples
2021-05-25 15:06:14,504 INFO o.a.j.r.p.AbstractSampleConsumer: class org.apache.jmeter.report.processor.ErrorsSummaryConsumer#stopProducing(): errorsSummary produced 0 samples
2021-05-25 15:06:14,504 INFO o.a.j.r.p.AbstractSampleConsumer: class org.apache.jmeter.report.processor.graph.impl.HitsPerSecondGraphConsumer#stopProducing(): hitsPerSecond produced 0 samples
2021-05-25 15:06:14,504 INFO o.a.j.r.p.AbstractSampleConsumer: class org.apache.jmeter.report.processor.graph.impl.LatencyVSRequestGraphConsumer#stopProducing(): latencyVsRequest produced 0 samples
2021-05-25 15:06:14,504 INFO o.a.j.r.p.AbstractSampleConsumer: class org.apache.jmeter.report.processor.graph.impl.SyntheticResponseTimeDistributionGraphConsumer#stopProducing(): syntheticResponseTimeDistribution produced 0 samples
2021-05-25 15:06:14,504 INFO o.a.j.r.p.AbstractSampleConsumer: class org.apache.jmeter.report.processor.graph.impl.BytesThroughputGraphConsumer#stopProducing(): bytesThroughputOverTime produced 0 samples
2021-05-25 15:06:14,504 INFO o.a.j.r.p.AbstractSampleConsumer: class org.apache.jmeter.report.processor.graph.impl.CodesPerSecondGraphConsumer#stopProducing(): codesPerSecond produced 0 samples
2021-05-25 15:06:14,520 INFO o.a.j.r.p.AbstractSampleConsumer: class org.apache.jmeter.report.processor.graph.impl.ResponseTimeVSRequestGraphConsumer#stopProducing(): responseTimeVsRequest produced 0 samples
2021-05-25 15:06:14,520 INFO o.a.j.r.p.AbstractSampleConsumer: class org.apache.jmeter.report.processor.FilterConsumer#stopProducing(): startIntervalControlerFilter produced 98 samples
2021-05-25 15:06:14,520 INFO o.a.j.r.p.AbstractSampleConsumer: class org.apache.jmeter.report.processor.graph.impl.TotalTPSGraphConsumer#stopProducing(): totalTPS produced 0 samples
2021-05-25 15:06:14,520 INFO o.a.j.r.p.AbstractSampleConsumer: class org.apache.jmeter.report.processor.graph.impl.ActiveThreadsGraphConsumer#stopProducing(): activeThreadsOverTime produced 0 samples
2021-05-25 15:06:14,520 INFO o.a.j.r.p.AbstractSampleConsumer: class org.apache.jmeter.report.processor.graph.impl.TimeVSThreadGraphConsumer#stopProducing(): timeVsThreads produced 0 samples
2021-05-25 15:06:14,520 INFO o.a.j.r.p.AbstractSampleConsumer: class org.apache.jmeter.report.processor.graph.impl.ResponseTimeDistributionGraphConsumer#stopProducing(): responseTimeDistribution produced 0 samples
2021-05-25 15:06:14,520 INFO o.a.j.r.p.AbstractSampleConsumer: class org.apache.jmeter.report.processor.graph.impl.TransactionsPerSecondGraphConsumer#stopProducing(): transactionsPerSecond produced 0 samples
2021-05-25 15:06:14,520 INFO o.a.j.r.p.AbstractSampleConsumer: class org.apache.jmeter.report.processor.graph.impl.ResponseTimePercentilesGraphConsumer#stopProducing(): responseTimePercentiles produced 0 samples
2021-05-25 15:06:14,520 INFO o.a.j.r.p.AbstractSampleConsumer: class org.apache.jmeter.report.processor.graph.impl.ResponseTimePercentilesOverTimeGraphConsumer#stopProducing(): responseTimePercentilesOverTime produced 0 samples
2021-05-25 15:06:14,520 INFO o.a.j.r.p.AbstractSampleConsumer: class org.apache.jmeter.report.processor.graph.impl.ResponseTimeOverTimeGraphConsumer#stopProducing(): responseTimesOverTime produced 0 samples
2021-05-25 15:06:14,520 INFO o.a.j.r.p.AbstractSampleConsumer: class org.apache.jmeter.report.processor.graph.impl.ConnectTimeOverTimeGraphConsumer#stopProducing(): connectTimeOverTime produced 0 samples
2021-05-25 15:06:14,520 INFO o.a.j.r.p.AbstractSampleConsumer: class org.apache.jmeter.report.processor.graph.impl.LatencyOverTimeGraphConsumer#stopProducing(): latenciesOverTime produced 0 samples
2021-05-25 15:06:14,520 INFO o.a.j.r.p.AbstractSampleConsumer: class org.apache.jmeter.report.processor.FilterConsumer#stopProducing(): nameFilter produced 210 samples
2021-05-25 15:06:14,520 INFO o.a.j.r.p.AbstractSampleConsumer: class org.apache.jmeter.report.processor.FilterConsumer#stopProducing(): dateRangeFilter produced 42 samples
2021-05-25 15:06:14,520 INFO o.a.j.r.p.AbstractSampleConsumer: class org.apache.jmeter.report.processor.NormalizerSampleConsumer#stopProducing(): normalizer produced 14 samples
2021-05-25 15:06:14,520 INFO o.a.j.r.p.CsvFileSampleSource: produce(): 14 samples produced in 844ms on channel 0
2021-05-25 15:06:14,520 INFO o.a.j.r.d.ReportGenerator: Exporting data using exporter:'json' of className:'org.apache.jmeter.report.dashboard.JsonExporter'
2021-05-25 15:06:14,661 INFO o.a.j.r.d.JsonExporter: Found data for consumer statisticsSummary in context
2021-05-25 15:06:14,661 INFO o.a.j.r.d.JsonExporter: Creating statistics for overall
2021-05-25 15:06:14,661 INFO o.a.j.r.d.JsonExporter: Creating statistics for other transactions
2021-05-25 15:06:14,661 INFO o.a.j.r.d.JsonExporter: Checking output folder
2021-05-25 15:06:14,661 INFO o.a.j.r.d.JsonExporter: Writing statistics JSON to C:\Users\david\Desktop\testing\4\report_1_rampup0\statistics.json
2021-05-25 15:06:14,708 INFO o.a.j.r.d.ReportGenerator: Exporting data using exporter:'html' of className:'org.apache.jmeter.report.dashboard.HtmlTemplateExporter'
2021-05-25 15:06:14,723 INFO o.a.j.r.d.HtmlTemplateExporter: Will generate dashboard in folder: C:\Users\david\Desktop\testing\4\report_1_rampup0
2021-05-25 15:06:14,848 INFO o.a.j.r.d.HtmlTemplateExporter: Report will be generated in: C:\Users\david\Desktop\testing\4\report_1_rampup0, creating folder structure
2021-05-25 15:06:14,848 INFO o.a.j.r.d.TemplateVisitor: Copying folder from 'C:\Users\david\Desktop\testing\4\apache-jmeter-5.4.1\bin\report-template' to 'C:\Users\david\Desktop\testing\4\report_1_rampup0', got message: C:\Users\david\Desktop\testing\4\report_1_rampup0, found non empty folder with following content [C:\Users\david\Desktop\testing\4\report_1_rampup0\statistics.json], will be ignored
